Determining if the pthread_create exist failed with the following output:
Change Dir: /home/cc/ee106a/fa17/class/ee106a-act/ros_workspaces/lab5_baxter/build/CMakeFiles/CMakeTmp

Run Build Command:/usr/bin/make "cmTryCompileExec3754116497/fast"
/usr/bin/make -f CMakeFiles/cmTryCompileExec3754116497.dir/build.make CMakeFiles/cmTryCompileExec3754116497.dir/build
make[1]: Entering directory `/home/cc/ee106a/fa17/class/ee106a-act/ros_workspaces/lab5_baxter/build/CMakeFiles/CMakeTmp'
/usr/bin/cmake -E cmake_progress_report /home/cc/ee106a/fa17/class/ee106a-act/ros_workspaces/lab5_baxter/build/CMakeFiles/CMakeTmp/CMakeFiles 1
Building C object CMakeFiles/cmTryCompileExec3754116497.dir/CheckSymbolExists.c.o
/usr/bin/cc    -o CMakeFiles/cmTryCompileExec3754116497.dir/CheckSymbolExists.c.o   -c /home/cc/ee106a/fa17/class/ee106a-act/ros_workspaces/lab5_baxter/build/CMakeFiles/CMakeTmp/CheckSymbolExists.c
Linking C executable cmTryCompileExec3754116497
/usr/bin/cmake -E cmake_link_script CMakeFiles/cmTryCompileExec3754116497.dir/link.txt --verbose=1
/usr/bin/cc       CMakeFiles/cmTryCompileExec3754116497.dir/CheckSymbolExists.c.o  -o cmTryCompileExec3754116497 -rdynamic 
CMakeFiles/cmTryCompileExec3754116497.dir/CheckSymbolExists.c.o: In function `main':
CheckSymbolExists.c:(.text+0x16): undefined reference to `pthread_create'
collect2: error: ld returned 1 exit status
make[1]: *** [cmTryCompileExec3754116497] Error 1
make[1]: Leaving directory `/home/cc/ee106a/fa17/class/ee106a-act/ros_workspaces/lab5_baxter/build/CMakeFiles/CMakeTmp'
make: *** [cmTryCompileExec3754116497/fast] Error 2

File /home/cc/ee106a/fa17/class/ee106a-act/ros_workspaces/lab5_baxter/build/CMakeFiles/CMakeTmp/CheckSymbolExists.c:
/* */
#include <pthread.h>

int main(int argc, char** argv)
{
  (void)argv;
#ifndef pthread_create
  return ((int*)(&pthread_create))[argc];
#else
  (void)argc;
  return 0;
#endif
}

Determining if the function pthread_create exists in the pthreads failed with the following output:
Change Dir: /home/cc/ee106a/fa17/class/ee106a-act/ros_workspaces/lab5_baxter/build/CMakeFiles/CMakeTmp

Run Build Command:/usr/bin/make "cmTryCompileExec4267200620/fast"
/usr/bin/make -f CMakeFiles/cmTryCompileExec4267200620.dir/build.make CMakeFiles/cmTryCompileExec4267200620.dir/build
make[1]: Entering directory `/home/cc/ee106a/fa17/class/ee106a-act/ros_workspaces/lab5_baxter/build/CMakeFiles/CMakeTmp'
/usr/bin/cmake -E cmake_progress_report /home/cc/ee106a/fa17/class/ee106a-act/ros_workspaces/lab5_baxter/build/CMakeFiles/CMakeTmp/CMakeFiles 1
Building C object CMakeFiles/cmTryCompileExec4267200620.dir/CheckFunctionExists.c.o
/usr/bin/cc   -DCHECK_FUNCTION_EXISTS=pthread_create   -o CMakeFiles/cmTryCompileExec4267200620.dir/CheckFunctionExists.c.o   -c /usr/share/cmake-2.8/Modules/CheckFunctionExists.c
Linking C executable cmTryCompileExec4267200620
/usr/bin/cmake -E cmake_link_script CMakeFiles/cmTryCompileExec4267200620.dir/link.txt --verbose=1
/usr/bin/cc   -DCHECK_FUNCTION_EXISTS=pthread_create    CMakeFiles/cmTryCompileExec4267200620.dir/CheckFunctionExists.c.o  -o cmTryCompileExec4267200620 -rdynamic -lpthreads 
/usr/bin/ld: cannot find -lpthreads
collect2: error: ld returned 1 exit status
make[1]: *** [cmTryCompileExec4267200620] Error 1
make[1]: Leaving directory `/home/cc/ee106a/fa17/class/ee106a-act/ros_workspaces/lab5_baxter/build/CMakeFiles/CMakeTmp'
make: *** [cmTryCompileExec4267200620/fast] Error 2


