Determining if the pthread_create exist failed with the following output:
Change Dir: /home/cc/ee106a/fa17/class/ee106a-act/ros_workspaces/lab3_baxter/joint_ctrl/build/CMakeFiles/CMakeTmp

Run Build Command:/usr/bin/make "cmTryCompileExec3837183724/fast"
/usr/bin/make -f CMakeFiles/cmTryCompileExec3837183724.dir/build.make CMakeFiles/cmTryCompileExec3837183724.dir/build
make[1]: Entering directory `/home/cc/ee106a/fa17/class/ee106a-act/ros_workspaces/lab3_baxter/joint_ctrl/build/CMakeFiles/CMakeTmp'
/usr/bin/cmake -E cmake_progress_report /home/cc/ee106a/fa17/class/ee106a-act/ros_workspaces/lab3_baxter/joint_ctrl/build/CMakeFiles/CMakeTmp/CMakeFiles 1
Building C object CMakeFiles/cmTryCompileExec3837183724.dir/CheckSymbolExists.c.o
/usr/bin/cc    -o CMakeFiles/cmTryCompileExec3837183724.dir/CheckSymbolExists.c.o   -c /home/cc/ee106a/fa17/class/ee106a-act/ros_workspaces/lab3_baxter/joint_ctrl/build/CMakeFiles/CMakeTmp/CheckSymbolExists.c
Linking C executable cmTryCompileExec3837183724
/usr/bin/cmake -E cmake_link_script CMakeFiles/cmTryCompileExec3837183724.dir/link.txt --verbose=1
/usr/bin/cc       CMakeFiles/cmTryCompileExec3837183724.dir/CheckSymbolExists.c.o  -o cmTryCompileExec3837183724 -rdynamic 
CMakeFiles/cmTryCompileExec3837183724.dir/CheckSymbolExists.c.o: In function `main':
CheckSymbolExists.c:(.text+0x16): undefined reference to `pthread_create'
collect2: error: ld returned 1 exit status
make[1]: Leaving directory `/home/cc/ee106a/fa17/class/ee106a-act/ros_workspaces/lab3_baxter/joint_ctrl/build/CMakeFiles/CMakeTmp'
make[1]: *** [cmTryCompileExec3837183724] Error 1
make: *** [cmTryCompileExec3837183724/fast] Error 2

File /home/cc/ee106a/fa17/class/ee106a-act/ros_workspaces/lab3_baxter/joint_ctrl/build/CMakeFiles/CMakeTmp/CheckSymbolExists.c:
/* */
#include <pthread.h>

int main(int argc, char** argv)
{
  (void)argv;
#ifndef pthread_create
  return ((int*)(&pthread_create))[argc];
#else
  (void)argc;
  return 0;
#endif
}

Determining if the function pthread_create exists in the pthreads failed with the following output:
Change Dir: /home/cc/ee106a/fa17/class/ee106a-act/ros_workspaces/lab3_baxter/joint_ctrl/build/CMakeFiles/CMakeTmp

Run Build Command:/usr/bin/make "cmTryCompileExec2788505629/fast"
/usr/bin/make -f CMakeFiles/cmTryCompileExec2788505629.dir/build.make CMakeFiles/cmTryCompileExec2788505629.dir/build
make[1]: Entering directory `/home/cc/ee106a/fa17/class/ee106a-act/ros_workspaces/lab3_baxter/joint_ctrl/build/CMakeFiles/CMakeTmp'
/usr/bin/cmake -E cmake_progress_report /home/cc/ee106a/fa17/class/ee106a-act/ros_workspaces/lab3_baxter/joint_ctrl/build/CMakeFiles/CMakeTmp/CMakeFiles 1
Building C object CMakeFiles/cmTryCompileExec2788505629.dir/CheckFunctionExists.c.o
/usr/bin/cc   -DCHECK_FUNCTION_EXISTS=pthread_create   -o CMakeFiles/cmTryCompileExec2788505629.dir/CheckFunctionExists.c.o   -c /usr/share/cmake-2.8/Modules/CheckFunctionExists.c
Linking C executable cmTryCompileExec2788505629
/usr/bin/cmake -E cmake_link_script CMakeFiles/cmTryCompileExec2788505629.dir/link.txt --verbose=1
/usr/bin/cc   -DCHECK_FUNCTION_EXISTS=pthread_create    CMakeFiles/cmTryCompileExec2788505629.dir/CheckFunctionExists.c.o  -o cmTryCompileExec2788505629 -rdynamic -lpthreads 
/usr/bin/ld: cannot find -lpthreads
collect2: error: ld returned 1 exit status
make[1]: Leaving directory `/home/cc/ee106a/fa17/class/ee106a-act/ros_workspaces/lab3_baxter/joint_ctrl/build/CMakeFiles/CMakeTmp'
make[1]: *** [cmTryCompileExec2788505629] Error 1
make: *** [cmTryCompileExec2788505629/fast] Error 2


